Analysis & Synthesis report for Lab_1
Mon Oct 24 17:45:07 2022
Quartus II 64-Bit Version 13.1.0 Build 162 10/23/2013 SJ Web Edition


---------------------
; Table of Contents ;
---------------------
  1. Legal Notice
  2. Analysis & Synthesis Summary
  3. Analysis & Synthesis Settings
  4. Parallel Compilation
  5. Analysis & Synthesis Source Files Read
  6. Analysis & Synthesis Resource Usage Summary
  7. Analysis & Synthesis Resource Utilization by Entity
  8. Analysis & Synthesis IP Cores Summary
  9. State Machine - |Lab_1|SPImaster:inst|state
 10. Registers Removed During Synthesis
 11. General Register Statistics
 12. Multiplexer Restructuring Statistics (Restructuring Performed)
 13. Parameter Settings for User Entity Instance: clk_divider:inst1|lpm_decode0:inst2|lpm_decode:LPM_DECODE_component
 14. Parameter Settings for User Entity Instance: clk_divider:inst1|lpm_counter0:inst|lpm_counter:LPM_COUNTER_component
 15. Parameter Settings for User Entity Instance: lpm_constant0:inst2|lpm_constant:LPM_CONSTANT_component
 16. Elapsed Time Per Partition
 17. Analysis & Synthesis Messages



----------------
; Legal Notice ;
----------------
Copyright (C) 1991-2013 Altera Corporation
Your use of Altera Corporation's design tools, logic functions 
and other software and tools, and its AMPP partner logic 
functions, and any output files from any of the foregoing 
(including device programming or simulation files), and any 
associated documentation or information are expressly subject 
to the terms and conditions of the Altera Program License 
Subscription Agreement, Altera MegaCore Function License 
Agreement, or other applicable license agreement, including, 
without limitation, that your use is for the sole purpose of 
programming logic devices manufactured by Altera and sold by 
Altera or its authorized distributors.  Please refer to the 
applicable agreement for further details.



+---------------------------------------------------------------------------------+
; Analysis & Synthesis Summary                                                    ;
+------------------------------------+--------------------------------------------+
; Analysis & Synthesis Status        ; Successful - Mon Oct 24 17:45:07 2022      ;
; Quartus II 64-Bit Version          ; 13.1.0 Build 162 10/23/2013 SJ Web Edition ;
; Revision Name                      ; Lab_1                                      ;
; Top-level Entity Name              ; Lab_1                                      ;
; Family                             ; Cyclone III                                ;
; Total logic elements               ; 25                                         ;
;     Total combinational functions  ; 25                                         ;
;     Dedicated logic registers      ; 20                                         ;
; Total registers                    ; 20                                         ;
; Total pins                         ; 4                                          ;
; Total virtual pins                 ; 0                                          ;
; Total memory bits                  ; 0                                          ;
; Embedded Multiplier 9-bit elements ; 0                                          ;
; Total PLLs                         ; 0                                          ;
+------------------------------------+--------------------------------------------+


+----------------------------------------------------------------------------------------------------------------------+
; Analysis & Synthesis Settings                                                                                        ;
+----------------------------------------------------------------------------+--------------------+--------------------+
; Option                                                                     ; Setting            ; Default Value      ;
+----------------------------------------------------------------------------+--------------------+--------------------+
; Top-level entity name                                                      ; Lab_1              ; Lab_1              ;
; Family name                                                                ; Cyclone III        ; Cyclone IV GX      ;
; Verilog Show LMF Mapping Messages                                          ; Off                ;                    ;
; Verilog Version                                                            ; SystemVerilog_2005 ; Verilog_2001       ;
; Use smart compilation                                                      ; Off                ; Off                ;
; Enable parallel Assembler and TimeQuest Timing Analyzer during compilation ; On                 ; On                 ;
; Enable compact report table                                                ; Off                ; Off                ;
; Restructure Multiplexers                                                   ; Auto               ; Auto               ;
; Create Debugging Nodes for IP Cores                                        ; Off                ; Off                ;
; Preserve fewer node names                                                  ; On                 ; On                 ;
; Disable OpenCore Plus hardware evaluation                                  ; Off                ; Off                ;
; VHDL Version                                                               ; VHDL_1993          ; VHDL_1993          ;
; State Machine Processing                                                   ; Auto               ; Auto               ;
; Safe State Machine                                                         ; Off                ; Off                ;
; Extract Verilog State Machines                                             ; On                 ; On                 ;
; Extract VHDL State Machines                                                ; On                 ; On                 ;
; Ignore Verilog initial constructs                                          ; Off                ; Off                ;
; Iteration limit for constant Verilog loops                                 ; 5000               ; 5000               ;
; Iteration limit for non-constant Verilog loops                             ; 250                ; 250                ;
; Add Pass-Through Logic to Inferred RAMs                                    ; On                 ; On                 ;
; Infer RAMs from Raw Logic                                                  ; On                 ; On                 ;
; Parallel Synthesis                                                         ; On                 ; On                 ;
; DSP Block Balancing                                                        ; Auto               ; Auto               ;
; NOT Gate Push-Back                                                         ; On                 ; On                 ;
; Power-Up Don't Care                                                        ; On                 ; On                 ;
; Remove Redundant Logic Cells                                               ; Off                ; Off                ;
; Remove Duplicate Registers                                                 ; On                 ; On                 ;
; Ignore CARRY Buffers                                                       ; Off                ; Off                ;
; Ignore CASCADE Buffers                                                     ; Off                ; Off                ;
; Ignore GLOBAL Buffers                                                      ; Off                ; Off                ;
; Ignore ROW GLOBAL Buffers                                                  ; Off                ; Off                ;
; Ignore LCELL Buffers                                                       ; Off                ; Off                ;
; Ignore SOFT Buffers                                                        ; On                 ; On                 ;
; Limit AHDL Integers to 32 Bits                                             ; Off                ; Off                ;
; Optimization Technique                                                     ; Balanced           ; Balanced           ;
; Carry Chain Length                                                         ; 70                 ; 70                 ;
; Auto Carry Chains                                                          ; On                 ; On                 ;
; Auto Open-Drain Pins                                                       ; On                 ; On                 ;
; Perform WYSIWYG Primitive Resynthesis                                      ; Off                ; Off                ;
; Auto ROM Replacement                                                       ; On                 ; On                 ;
; Auto RAM Replacement                                                       ; On                 ; On                 ;
; Auto DSP Block Replacement                                                 ; On                 ; On                 ;
; Auto Shift Register Replacement                                            ; Auto               ; Auto               ;
; Allow Shift Register Merging across Hierarchies                            ; Auto               ; Auto               ;
; Auto Clock Enable Replacement                                              ; On                 ; On                 ;
; Strict RAM Replacement                                                     ; Off                ; Off                ;
; Allow Synchronous Control Signals                                          ; On                 ; On                 ;
; Force Use of Synchronous Clear Signals                                     ; Off                ; Off                ;
; Auto RAM Block Balancing                                                   ; On                 ; On                 ;
; Auto RAM to Logic Cell Conversion                                          ; Off                ; Off                ;
; Auto Resource Sharing                                                      ; Off                ; Off                ;
; Allow Any RAM Size For Recognition                                         ; Off                ; Off                ;
; Allow Any ROM Size For Recognition                                         ; Off                ; Off                ;
; Allow Any Shift Register Size For Recognition                              ; Off                ; Off                ;
; Use LogicLock Constraints during Resource Balancing                        ; On                 ; On                 ;
; Ignore translate_off and synthesis_off directives                          ; Off                ; Off                ;
; Timing-Driven Synthesis                                                    ; On                 ; On                 ;
; Report Parameter Settings                                                  ; On                 ; On                 ;
; Report Source Assignments                                                  ; On                 ; On                 ;
; Report Connectivity Checks                                                 ; On                 ; On                 ;
; Ignore Maximum Fan-Out Assignments                                         ; Off                ; Off                ;
; Synchronization Register Chain Length                                      ; 2                  ; 2                  ;
; PowerPlay Power Optimization                                               ; Normal compilation ; Normal compilation ;
; HDL message level                                                          ; Level2             ; Level2             ;
; Suppress Register Optimization Related Messages                            ; Off                ; Off                ;
; Number of Removed Registers Reported in Synthesis Report                   ; 5000               ; 5000               ;
; Number of Swept Nodes Reported in Synthesis Report                         ; 5000               ; 5000               ;
; Number of Inverted Registers Reported in Synthesis Report                  ; 100                ; 100                ;
; Clock MUX Protection                                                       ; On                 ; On                 ;
; Auto Gated Clock Conversion                                                ; Off                ; Off                ;
; Block Design Naming                                                        ; Auto               ; Auto               ;
; SDC constraint protection                                                  ; Off                ; Off                ;
; Synthesis Effort                                                           ; Auto               ; Auto               ;
; Shift Register Replacement - Allow Asynchronous Clear Signal               ; On                 ; On                 ;
; Pre-Mapping Resynthesis Optimization                                       ; Off                ; Off                ;
; Analysis & Synthesis Message Level                                         ; Medium             ; Medium             ;
; Disable Register Merging Across Hierarchies                                ; Auto               ; Auto               ;
; Resource Aware Inference For Block RAM                                     ; On                 ; On                 ;
; Synthesis Seed                                                             ; 1                  ; 1                  ;
+----------------------------------------------------------------------------+--------------------+--------------------+


Parallel compilation was disabled, but you have multiple processors available. Enable parallel compilation to reduce compilation time.
+-------------------------------------+
; Parallel Compilation                ;
+----------------------------+--------+
; Processors                 ; Number ;
+----------------------------+--------+
; Number detected on machine ; 12     ;
; Maximum allowed            ; 1      ;
+----------------------------+--------+


+----------------------------------------------------------------------------------------------------------------------------------------------------------------------------+
; Analysis & Synthesis Source Files Read                                                                                                                                     ;
+----------------------------------+-----------------+------------------------------------+------------------------------------------------------------------------+---------+
; File Name with User-Entered Path ; Used in Netlist ; File Type                          ; File Name with Absolute Path                                           ; Library ;
+----------------------------------+-----------------+------------------------------------+------------------------------------------------------------------------+---------+
; SPImaster.v                      ; yes             ; User Verilog HDL File              ; C:/Users/kivyfreakt/Desktop/work/interfaces/main_spi/SPImaster.v       ;         ;
; lpm_counter0.vhd                 ; yes             ; User Wizard-Generated File         ; C:/Users/kivyfreakt/Desktop/work/interfaces/main_spi/lpm_counter0.vhd  ;         ;
; lpm_decode0.vhd                  ; yes             ; User Wizard-Generated File         ; C:/Users/kivyfreakt/Desktop/work/interfaces/main_spi/lpm_decode0.vhd   ;         ;
; clk_divider.bdf                  ; yes             ; User Block Diagram/Schematic File  ; C:/Users/kivyfreakt/Desktop/work/interfaces/main_spi/clk_divider.bdf   ;         ;
; Lab_1.bdf                        ; yes             ; User Block Diagram/Schematic File  ; C:/Users/kivyfreakt/Desktop/work/interfaces/main_spi/Lab_1.bdf         ;         ;
; lpm_constant0.vhd                ; yes             ; User Wizard-Generated File         ; C:/Users/kivyfreakt/Desktop/work/interfaces/main_spi/lpm_constant0.vhd ;         ;
; lpm_decode.tdf                   ; yes             ; Megafunction                       ; c:/altera/13.1/quartus/libraries/megafunctions/lpm_decode.tdf          ;         ;
; declut.inc                       ; yes             ; Megafunction                       ; c:/altera/13.1/quartus/libraries/megafunctions/declut.inc              ;         ;
; altshift.inc                     ; yes             ; Megafunction                       ; c:/altera/13.1/quartus/libraries/megafunctions/altshift.inc            ;         ;
; lpm_compare.inc                  ; yes             ; Megafunction                       ; c:/altera/13.1/quartus/libraries/megafunctions/lpm_compare.inc         ;         ;
; lpm_constant.inc                 ; yes             ; Megafunction                       ; c:/altera/13.1/quartus/libraries/megafunctions/lpm_constant.inc        ;         ;
; aglobal131.inc                   ; yes             ; Megafunction                       ; c:/altera/13.1/quartus/libraries/megafunctions/aglobal131.inc          ;         ;
; db/decode_lbf.tdf                ; yes             ; Auto-Generated Megafunction        ; C:/Users/kivyfreakt/Desktop/work/interfaces/main_spi/db/decode_lbf.tdf ;         ;
; lpm_counter.tdf                  ; yes             ; Megafunction                       ; c:/altera/13.1/quartus/libraries/megafunctions/lpm_counter.tdf         ;         ;
; lpm_decode.inc                   ; yes             ; Megafunction                       ; c:/altera/13.1/quartus/libraries/megafunctions/lpm_decode.inc          ;         ;
; lpm_add_sub.inc                  ; yes             ; Megafunction                       ; c:/altera/13.1/quartus/libraries/megafunctions/lpm_add_sub.inc         ;         ;
; cmpconst.inc                     ; yes             ; Megafunction                       ; c:/altera/13.1/quartus/libraries/megafunctions/cmpconst.inc            ;         ;
; lpm_counter.inc                  ; yes             ; Megafunction                       ; c:/altera/13.1/quartus/libraries/megafunctions/lpm_counter.inc         ;         ;
; dffeea.inc                       ; yes             ; Megafunction                       ; c:/altera/13.1/quartus/libraries/megafunctions/dffeea.inc              ;         ;
; alt_counter_stratix.inc          ; yes             ; Megafunction                       ; c:/altera/13.1/quartus/libraries/megafunctions/alt_counter_stratix.inc ;         ;
; db/cntr_l6i.tdf                  ; yes             ; Auto-Generated Megafunction        ; C:/Users/kivyfreakt/Desktop/work/interfaces/main_spi/db/cntr_l6i.tdf   ;         ;
; lpm_constant.tdf                 ; yes             ; Megafunction                       ; c:/altera/13.1/quartus/libraries/megafunctions/lpm_constant.tdf        ;         ;
+----------------------------------+-----------------+------------------------------------+------------------------------------------------------------------------+---------+


+-----------------------------------------------------------------------+
; Analysis & Synthesis Resource Usage Summary                           ;
+---------------------------------------------+-------------------------+
; Resource                                    ; Usage                   ;
+---------------------------------------------+-------------------------+
; Estimated Total logic elements              ; 25                      ;
;                                             ;                         ;
; Total combinational functions               ; 25                      ;
; Logic element usage by number of LUT inputs ;                         ;
;     -- 4 input functions                    ; 4                       ;
;     -- 3 input functions                    ; 6                       ;
;     -- <=2 input functions                  ; 15                      ;
;                                             ;                         ;
; Logic elements by mode                      ;                         ;
;     -- normal mode                          ; 22                      ;
;     -- arithmetic mode                      ; 3                       ;
;                                             ;                         ;
; Total registers                             ; 20                      ;
;     -- Dedicated logic registers            ; 20                      ;
;     -- I/O registers                        ; 0                       ;
;                                             ;                         ;
; I/O pins                                    ; 4                       ;
; Embedded Multiplier 9-bit elements          ; 0                       ;
; Maximum fan-out node                        ; clk_divider:inst1|inst1 ;
; Maximum fan-out                             ; 16                      ;
; Total fan-out                               ; 123                     ;
; Average fan-out                             ; 2.32                    ;
+---------------------------------------------+-------------------------+


+--------------------------------------------------------------------------------------------------------------------------------------------------------------------------------------------------------------------------------------------------------------------------------+
; Analysis & Synthesis Resource Utilization by Entity                                                                                                                                                                                                                            ;
+----------------------------------------------+-------------------+--------------+-------------+--------------+---------+-----------+------+--------------+------------------------------------------------------------------------------------------------------+--------------+
; Compilation Hierarchy Node                   ; LC Combinationals ; LC Registers ; Memory Bits ; DSP Elements ; DSP 9x9 ; DSP 18x18 ; Pins ; Virtual Pins ; Full Hierarchy Name                                                                                  ; Library Name ;
+----------------------------------------------+-------------------+--------------+-------------+--------------+---------+-----------+------+--------------+------------------------------------------------------------------------------------------------------+--------------+
; |Lab_1                                       ; 25 (1)            ; 20 (0)       ; 0           ; 0            ; 0       ; 0         ; 4    ; 0            ; |Lab_1                                                                                               ; work         ;
;    |SPImaster:inst|                          ; 18 (18)           ; 15 (15)      ; 0           ; 0            ; 0       ; 0         ; 0    ; 0            ; |Lab_1|SPImaster:inst                                                                                ; work         ;
;    |clk_divider:inst1|                       ; 6 (1)             ; 5 (1)        ; 0           ; 0            ; 0       ; 0         ; 0    ; 0            ; |Lab_1|clk_divider:inst1                                                                             ; work         ;
;       |lpm_counter0:inst|                    ; 4 (0)             ; 4 (0)        ; 0           ; 0            ; 0       ; 0         ; 0    ; 0            ; |Lab_1|clk_divider:inst1|lpm_counter0:inst                                                           ; work         ;
;          |lpm_counter:LPM_COUNTER_component| ; 4 (0)             ; 4 (0)        ; 0           ; 0            ; 0       ; 0         ; 0    ; 0            ; |Lab_1|clk_divider:inst1|lpm_counter0:inst|lpm_counter:LPM_COUNTER_component                         ; work         ;
;             |cntr_l6i:auto_generated|        ; 4 (4)             ; 4 (4)        ; 0           ; 0            ; 0       ; 0         ; 0    ; 0            ; |Lab_1|clk_divider:inst1|lpm_counter0:inst|lpm_counter:LPM_COUNTER_component|cntr_l6i:auto_generated ; work         ;
;       |lpm_decode0:inst2|                    ; 1 (0)             ; 0 (0)        ; 0           ; 0            ; 0       ; 0         ; 0    ; 0            ; |Lab_1|clk_divider:inst1|lpm_decode0:inst2                                                           ; work         ;
;          |lpm_decode:LPM_DECODE_component|   ; 1 (0)             ; 0 (0)        ; 0           ; 0            ; 0       ; 0         ; 0    ; 0            ; |Lab_1|clk_divider:inst1|lpm_decode0:inst2|lpm_decode:LPM_DECODE_component                           ; work         ;
;             |decode_lbf:auto_generated|      ; 1 (1)             ; 0 (0)        ; 0           ; 0            ; 0       ; 0         ; 0    ; 0            ; |Lab_1|clk_divider:inst1|lpm_decode0:inst2|lpm_decode:LPM_DECODE_component|decode_lbf:auto_generated ; work         ;
+----------------------------------------------+-------------------+--------------+-------------+--------------+---------+-----------+------+--------------+------------------------------------------------------------------------------------------------------+--------------+
Note: For table entries with two numbers listed, the numbers in parentheses indicate the number of resources of the given type used by the specific entity alone. The numbers listed outside of parentheses indicate the total resources of the given type used by the specific entity and all of its sub-entities in the hierarchy.


+-------------------------------------------------------------------------------------------------------------------------------------------------------------------------------------+
; Analysis & Synthesis IP Cores Summary                                                                                                                                               ;
+--------+--------------+---------+--------------+--------------+--------------------------------------------+------------------------------------------------------------------------+
; Vendor ; IP Core Name ; Version ; Release Date ; License Type ; Entity Instance                            ; IP Include File                                                        ;
+--------+--------------+---------+--------------+--------------+--------------------------------------------+------------------------------------------------------------------------+
; Altera ; LPM_COUNTER  ; 13.0    ; N/A          ; N/A          ; |Lab_1|clk_divider:inst1|lpm_counter0:inst ; C:/Users/kivyfreakt/Desktop/work/interfaces/main_spi/lpm_counter0.vhd  ;
; Altera ; LPM_DECODE   ; 13.0    ; N/A          ; N/A          ; |Lab_1|clk_divider:inst1|lpm_decode0:inst2 ; C:/Users/kivyfreakt/Desktop/work/interfaces/main_spi/lpm_decode0.vhd   ;
; Altera ; LPM_CONSTANT ; 13.1    ; N/A          ; N/A          ; |Lab_1|lpm_constant0:inst2                 ; C:/Users/kivyfreakt/Desktop/work/interfaces/main_spi/lpm_constant0.vhd ;
+--------+--------------+---------+--------------+--------------+--------------------------------------------+------------------------------------------------------------------------+


Encoding Type:  One-Hot
+--------------------------------------------------------------------------------------------------------+
; State Machine - |Lab_1|SPImaster:inst|state                                                            ;
+-------------------+----------------+----------------+---------------+--------------+-------------------+
; Name              ; state.S_DATA_W ; state.S_DATA_R ; state.S_DELAY ; state.S_IDLE ; state.S_DATA_LAST ;
+-------------------+----------------+----------------+---------------+--------------+-------------------+
; state.S_IDLE      ; 0              ; 0              ; 0             ; 0            ; 0                 ;
; state.S_DELAY     ; 0              ; 0              ; 1             ; 1            ; 0                 ;
; state.S_DATA_R    ; 0              ; 1              ; 0             ; 1            ; 0                 ;
; state.S_DATA_W    ; 1              ; 0              ; 0             ; 1            ; 0                 ;
; state.S_DATA_LAST ; 0              ; 0              ; 0             ; 1            ; 1                 ;
+-------------------+----------------+----------------+---------------+--------------+-------------------+


+---------------------------------------------------------------------------------+
; Registers Removed During Synthesis                                              ;
+----------------------------------------+----------------------------------------+
; Register name                          ; Reason for Removal                     ;
+----------------------------------------+----------------------------------------+
; SPImaster:inst|shift[0]                ; Stuck at GND due to stuck port data_in ;
; SPImaster:inst|state~2                 ; Lost fanout                            ;
; SPImaster:inst|state~3                 ; Lost fanout                            ;
; SPImaster:inst|state~5                 ; Lost fanout                            ;
; SPImaster:inst|state~6                 ; Lost fanout                            ;
; SPImaster:inst|state~7                 ; Lost fanout                            ;
; SPImaster:inst|state~8                 ; Lost fanout                            ;
; SPImaster:inst|state~9                 ; Lost fanout                            ;
; SPImaster:inst|state~10                ; Lost fanout                            ;
; SPImaster:inst|state~11                ; Lost fanout                            ;
; SPImaster:inst|state~12                ; Lost fanout                            ;
; SPImaster:inst|state~13                ; Lost fanout                            ;
; SPImaster:inst|state~14                ; Lost fanout                            ;
; SPImaster:inst|state~15                ; Lost fanout                            ;
; SPImaster:inst|state~16                ; Lost fanout                            ;
; SPImaster:inst|state~17                ; Lost fanout                            ;
; SPImaster:inst|state~18                ; Lost fanout                            ;
; SPImaster:inst|state~19                ; Lost fanout                            ;
; SPImaster:inst|state~20                ; Lost fanout                            ;
; SPImaster:inst|state~21                ; Lost fanout                            ;
; SPImaster:inst|state~22                ; Lost fanout                            ;
; SPImaster:inst|state~23                ; Lost fanout                            ;
; SPImaster:inst|state~24                ; Lost fanout                            ;
; SPImaster:inst|state~25                ; Lost fanout                            ;
; SPImaster:inst|state~26                ; Lost fanout                            ;
; SPImaster:inst|state~27                ; Lost fanout                            ;
; SPImaster:inst|state~28                ; Lost fanout                            ;
; SPImaster:inst|state~29                ; Lost fanout                            ;
; SPImaster:inst|state~30                ; Lost fanout                            ;
; SPImaster:inst|state~31                ; Lost fanout                            ;
; SPImaster:inst|state~32                ; Lost fanout                            ;
; SPImaster:inst|state~33                ; Lost fanout                            ;
; Total Number of Removed Registers = 32 ;                                        ;
+----------------------------------------+----------------------------------------+


+------------------------------------------------------+
; General Register Statistics                          ;
+----------------------------------------------+-------+
; Statistic                                    ; Value ;
+----------------------------------------------+-------+
; Total registers                              ; 20    ;
; Number of registers using Synchronous Clear  ; 0     ;
; Number of registers using Synchronous Load   ; 4     ;
; Number of registers using Asynchronous Clear ; 0     ;
; Number of registers using Asynchronous Load  ; 0     ;
; Number of registers using Clock Enable       ; 9     ;
; Number of registers using Preset             ; 0     ;
+----------------------------------------------+-------+


+----------------------------------------------------------------------------------------------------------------------------------------------+
; Multiplexer Restructuring Statistics (Restructuring Performed)                                                                               ;
+--------------------+-----------+---------------+----------------------+------------------------+------------+--------------------------------+
; Multiplexer Inputs ; Bus Width ; Baseline Area ; Area if Restructured ; Saving if Restructured ; Registered ; Example Multiplexer Output     ;
+--------------------+-----------+---------------+----------------------+------------------------+------------+--------------------------------+
; 3:1                ; 9 bits    ; 18 LEs        ; 9 LEs                ; 9 LEs                  ; Yes        ; |Lab_1|SPImaster:inst|shift[7] ;
+--------------------+-----------+---------------+----------------------+------------------------+------------+--------------------------------+


+------------------------------------------------------------------------------------------------------------------+
; Parameter Settings for User Entity Instance: clk_divider:inst1|lpm_decode0:inst2|lpm_decode:LPM_DECODE_component ;
+------------------------+-------------+---------------------------------------------------------------------------+
; Parameter Name         ; Value       ; Type                                                                      ;
+------------------------+-------------+---------------------------------------------------------------------------+
; LPM_WIDTH              ; 4           ; Signed Integer                                                            ;
; LPM_DECODES            ; 16          ; Signed Integer                                                            ;
; LPM_PIPELINE           ; 0           ; Untyped                                                                   ;
; CASCADE_CHAIN          ; MANUAL      ; Untyped                                                                   ;
; DEVICE_FAMILY          ; Cyclone III ; Untyped                                                                   ;
; CBXI_PARAMETER         ; decode_lbf  ; Untyped                                                                   ;
; AUTO_CARRY_CHAINS      ; ON          ; AUTO_CARRY                                                                ;
; IGNORE_CARRY_BUFFERS   ; OFF         ; IGNORE_CARRY                                                              ;
; AUTO_CASCADE_CHAINS    ; ON          ; AUTO_CASCADE                                                              ;
; IGNORE_CASCADE_BUFFERS ; OFF         ; IGNORE_CASCADE                                                            ;
+------------------------+-------------+---------------------------------------------------------------------------+
Note: In order to hide this table in the UI and the text report file, please set the "Show Parameter Settings in Synthesis Report" option in "Analysis and Synthesis Settings -> More Settings" to "Off".


+--------------------------------------------------------------------------------------------------------------------+
; Parameter Settings for User Entity Instance: clk_divider:inst1|lpm_counter0:inst|lpm_counter:LPM_COUNTER_component ;
+------------------------+-------------+-----------------------------------------------------------------------------+
; Parameter Name         ; Value       ; Type                                                                        ;
+------------------------+-------------+-----------------------------------------------------------------------------+
; AUTO_CARRY_CHAINS      ; ON          ; AUTO_CARRY                                                                  ;
; IGNORE_CARRY_BUFFERS   ; OFF         ; IGNORE_CARRY                                                                ;
; AUTO_CASCADE_CHAINS    ; ON          ; AUTO_CASCADE                                                                ;
; IGNORE_CASCADE_BUFFERS ; OFF         ; IGNORE_CASCADE                                                              ;
; LPM_WIDTH              ; 4           ; Signed Integer                                                              ;
; LPM_DIRECTION          ; UP          ; Untyped                                                                     ;
; LPM_MODULUS            ; 0           ; Untyped                                                                     ;
; LPM_AVALUE             ; UNUSED      ; Untyped                                                                     ;
; LPM_SVALUE             ; UNUSED      ; Untyped                                                                     ;
; LPM_PORT_UPDOWN        ; PORT_UNUSED ; Untyped                                                                     ;
; DEVICE_FAMILY          ; Cyclone III ; Untyped                                                                     ;
; CARRY_CHAIN            ; MANUAL      ; Untyped                                                                     ;
; CARRY_CHAIN_LENGTH     ; 48          ; CARRY_CHAIN_LENGTH                                                          ;
; NOT_GATE_PUSH_BACK     ; ON          ; NOT_GATE_PUSH_BACK                                                          ;
; CARRY_CNT_EN           ; SMART       ; Untyped                                                                     ;
; LABWIDE_SCLR           ; ON          ; Untyped                                                                     ;
; USE_NEW_VERSION        ; TRUE        ; Untyped                                                                     ;
; CBXI_PARAMETER         ; cntr_l6i    ; Untyped                                                                     ;
+------------------------+-------------+-----------------------------------------------------------------------------+
Note: In order to hide this table in the UI and the text report file, please set the "Show Parameter Settings in Synthesis Report" option in "Analysis and Synthesis Settings -> More Settings" to "Off".


+------------------------------------------------------------------------------------------------------+
; Parameter Settings for User Entity Instance: lpm_constant0:inst2|lpm_constant:LPM_CONSTANT_component ;
+--------------------+------------------+--------------------------------------------------------------+
; Parameter Name     ; Value            ; Type                                                         ;
+--------------------+------------------+--------------------------------------------------------------+
; LPM_WIDTH          ; 8                ; Signed Integer                                               ;
; LPM_CVALUE         ; 42               ; Signed Integer                                               ;
; ENABLE_RUNTIME_MOD ; NO               ; Untyped                                                      ;
; CBXI_PARAMETER     ; lpm_constant_dh6 ; Untyped                                                      ;
+--------------------+------------------+--------------------------------------------------------------+
Note: In order to hide this table in the UI and the text report file, please set the "Show Parameter Settings in Synthesis Report" option in "Analysis and Synthesis Settings -> More Settings" to "Off".


+-------------------------------+
; Elapsed Time Per Partition    ;
+----------------+--------------+
; Partition Name ; Elapsed Time ;
+----------------+--------------+
; Top            ; 00:00:00     ;
+----------------+--------------+


+-------------------------------+
; Analysis & Synthesis Messages ;
+-------------------------------+
Info: *******************************************************************
Info: Running Quartus II 64-Bit Analysis & Synthesis
    Info: Version 13.1.0 Build 162 10/23/2013 SJ Web Edition
    Info: Processing started: Mon Oct 24 17:45:05 2022
Info: Command: quartus_map --read_settings_files=on --write_settings_files=off Lab_1 -c Lab_1
Warning (20028): Parallel compilation is not licensed and has been disabled
Info (12021): Found 1 design units, including 1 entities, in source file spimaster.v
    Info (12023): Found entity 1: SPImaster
Info (12021): Found 2 design units, including 1 entities, in source file lpm_counter0.vhd
    Info (12022): Found design unit 1: lpm_counter0-SYN
    Info (12023): Found entity 1: lpm_counter0
Info (12021): Found 2 design units, including 1 entities, in source file lpm_decode0.vhd
    Info (12022): Found design unit 1: lpm_decode0-SYN
    Info (12023): Found entity 1: lpm_decode0
Info (12021): Found 1 design units, including 1 entities, in source file clk_divider.bdf
    Info (12023): Found entity 1: clk_divider
Info (12021): Found 1 design units, including 1 entities, in source file lab_1.bdf
    Info (12023): Found entity 1: Lab_1
Info (12021): Found 2 design units, including 1 entities, in source file lpm_constant0.vhd
    Info (12022): Found design unit 1: lpm_constant0-SYN
    Info (12023): Found entity 1: lpm_constant0
Info (12021): Found 1 design units, including 1 entities, in source file spi_shift.v
    Info (12023): Found entity 1: spi_shift
Info (12021): Found 1 design units, including 1 entities, in source file lpm_counter1.v
    Info (12023): Found entity 1: lpm_counter1
Info (12127): Elaborating entity "Lab_1" for the top level hierarchy
Info (12128): Elaborating entity "SPImaster" for hierarchy "SPImaster:inst"
Info (12128): Elaborating entity "clk_divider" for hierarchy "clk_divider:inst1"
Info (12128): Elaborating entity "lpm_decode0" for hierarchy "clk_divider:inst1|lpm_decode0:inst2"
Info (12128): Elaborating entity "lpm_decode" for hierarchy "clk_divider:inst1|lpm_decode0:inst2|lpm_decode:LPM_DECODE_component"
Info (12130): Elaborated megafunction instantiation "clk_divider:inst1|lpm_decode0:inst2|lpm_decode:LPM_DECODE_component"
Info (12133): Instantiated megafunction "clk_divider:inst1|lpm_decode0:inst2|lpm_decode:LPM_DECODE_component" with the following parameter:
    Info (12134): Parameter "lpm_decodes" = "16"
    Info (12134): Parameter "lpm_type" = "LPM_DECODE"
    Info (12134): Parameter "lpm_width" = "4"
Info (12021): Found 1 design units, including 1 entities, in source file db/decode_lbf.tdf
    Info (12023): Found entity 1: decode_lbf
Info (12128): Elaborating entity "decode_lbf" for hierarchy "clk_divider:inst1|lpm_decode0:inst2|lpm_decode:LPM_DECODE_component|decode_lbf:auto_generated"
Info (12128): Elaborating entity "lpm_counter0" for hierarchy "clk_divider:inst1|lpm_counter0:inst"
Info (12128): Elaborating entity "lpm_counter" for hierarchy "clk_divider:inst1|lpm_counter0:inst|lpm_counter:LPM_COUNTER_component"
Info (12130): Elaborated megafunction instantiation "clk_divider:inst1|lpm_counter0:inst|lpm_counter:LPM_COUNTER_component"
Info (12133): Instantiated megafunction "clk_divider:inst1|lpm_counter0:inst|lpm_counter:LPM_COUNTER_component" with the following parameter:
    Info (12134): Parameter "lpm_direction" = "UP"
    Info (12134): Parameter "lpm_port_updown" = "PORT_UNUSED"
    Info (12134): Parameter "lpm_type" = "LPM_COUNTER"
    Info (12134): Parameter "lpm_width" = "4"
Info (12021): Found 1 design units, including 1 entities, in source file db/cntr_l6i.tdf
    Info (12023): Found entity 1: cntr_l6i
Info (12128): Elaborating entity "cntr_l6i" for hierarchy "clk_divider:inst1|lpm_counter0:inst|lpm_counter:LPM_COUNTER_component|cntr_l6i:auto_generated"
Info (12128): Elaborating entity "lpm_constant0" for hierarchy "lpm_constant0:inst2"
Info (12128): Elaborating entity "lpm_constant" for hierarchy "lpm_constant0:inst2|lpm_constant:LPM_CONSTANT_component"
Info (12130): Elaborated megafunction instantiation "lpm_constant0:inst2|lpm_constant:LPM_CONSTANT_component"
Info (12133): Instantiated megafunction "lpm_constant0:inst2|lpm_constant:LPM_CONSTANT_component" with the following parameter:
    Info (12134): Parameter "lpm_cvalue" = "42"
    Info (12134): Parameter "lpm_hint" = "ENABLE_RUNTIME_MOD=NO"
    Info (12134): Parameter "lpm_type" = "LPM_CONSTANT"
    Info (12134): Parameter "lpm_width" = "8"
Info (286030): Timing-Driven Synthesis is running
Info (17049): 31 registers lost all their fanouts during netlist optimizations.
Info (16010): Generating hard_block partition "hard_block:auto_generated_inst"
    Info (16011): Adding 0 node(s), including 0 DDIO, 0 PLL, 0 transceiver and 0 LCELL
Info (21057): Implemented 29 device resources after synthesis - the final resource count might be different
    Info (21058): Implemented 1 input pins
    Info (21059): Implemented 3 output pins
    Info (21061): Implemented 25 logic cells
Info: Quartus II 64-Bit Analysis & Synthesis was successful. 0 errors, 1 warning
    Info: Peak virtual memory: 4665 megabytes
    Info: Processing ended: Mon Oct 24 17:45:07 2022
    Info: Elapsed time: 00:00:02
    Info: Total CPU time (on all processors): 00:00:02


