Flow report for spi
Wed Oct 05 22:52:03 2022
Quartus II 64-Bit Version 13.1.0 Build 162 10/23/2013 SJ Web Edition


---------------------
; Table of Contents ;
---------------------
  1. Legal Notice
  2. Flow Summary
  3. Flow Settings
  4. Flow Non-Default Global Settings
  5. Flow Elapsed Time
  6. Flow OS Summary
  7. Flow Log
  8. Flow Messages
  9. Flow Suppressed Messages



----------------
; Legal Notice ;
----------------
Copyright (C) 1991-2013 Altera Corporation
Your use of Altera Corporation's design tools, logic functions 
and other software and tools, and its AMPP partner logic 
functions, and any output files from any of the foregoing 
(including device programming or simulation files), and any 
associated documentation or information are expressly subject 
to the terms and conditions of the Altera Program License 
Subscription Agreement, Altera MegaCore Function License 
Agreement, or other applicable license agreement, including, 
without limitation, that your use is for the sole purpose of 
programming logic devices manufactured by Altera and sold by 
Altera or its authorized distributors.  Please refer to the 
applicable agreement for further details.



+---------------------------------------------------------------------------------+
; Flow Summary                                                                    ;
+------------------------------------+--------------------------------------------+
; Flow Status                        ; Successful - Wed Oct 05 22:52:03 2022      ;
; Quartus II 64-Bit Version          ; 13.1.0 Build 162 10/23/2013 SJ Web Edition ;
; Revision Name                      ; spi                                        ;
; Top-level Entity Name              ; spi                                        ;
; Family                             ; Cyclone IV GX                              ;
; Total logic elements               ; 18 / 14,400 ( < 1 % )                      ;
;     Total combinational functions  ; 15 / 14,400 ( < 1 % )                      ;
;     Dedicated logic registers      ; 9 / 14,400 ( < 1 % )                       ;
; Total registers                    ; 9                                          ;
; Total pins                         ; 11 / 81 ( 14 % )                           ;
; Total virtual pins                 ; 0                                          ;
; Total memory bits                  ; 0 / 552,960 ( 0 % )                        ;
; Embedded Multiplier 9-bit elements ; 0                                          ;
; Total GXB Receiver Channel PCS     ; 0 / 2 ( 0 % )                              ;
; Total GXB Receiver Channel PMA     ; 0 / 2 ( 0 % )                              ;
; Total GXB Transmitter Channel PCS  ; 0 / 2 ( 0 % )                              ;
; Total GXB Transmitter Channel PMA  ; 0 / 2 ( 0 % )                              ;
; Total PLLs                         ; 0 / 3 ( 0 % )                              ;
; Device                             ; EP4CGX15BF14C6                             ;
; Timing Models                      ; Final                                      ;
+------------------------------------+--------------------------------------------+


+-----------------------------------------+
; Flow Settings                           ;
+-------------------+---------------------+
; Option            ; Setting             ;
+-------------------+---------------------+
; Start date & time ; 10/05/2022 22:51:40 ;
; Main task         ; Compilation         ;
; Revision Name     ; spi                 ;
+-------------------+---------------------+


+------------------------------------------------------------------------------------------------------------------------------+
; Flow Non-Default Global Settings                                                                                             ;
+-------------------------------------+-----------------------------------------+---------------+-------------+----------------+
; Assignment Name                     ; Value                                   ; Default Value ; Entity Name ; Section Id     ;
+-------------------------------------+-----------------------------------------+---------------+-------------+----------------+
; COMPILER_SIGNATURE_ID               ; 251682018693586.166499950005948         ; --            ; --          ; --             ;
; EDA_GENERATE_FUNCTIONAL_NETLIST     ; On                                      ; --            ; --          ; eda_simulation ;
; EDA_NETLIST_WRITER_OUTPUT_DIR       ; C:/altera/projects/spi/simulation/qsim/ ; --            ; --          ; eda_simulation ;
; EDA_OUTPUT_DATA_FORMAT              ; Verilog Hdl                             ; --            ; --          ; eda_simulation ;
; EDA_SIMULATION_TOOL                 ; ModelSim-Altera (Verilog)               ; <None>        ; --          ; --             ;
; IP_TOOL_NAME                        ; LPM_COUNTER                             ; --            ; --          ; --             ;
; IP_TOOL_NAME                        ; LPM_MUX                                 ; --            ; --          ; --             ;
; IP_TOOL_NAME                        ; LPM_DECODE                              ; --            ; --          ; --             ;
; IP_TOOL_VERSION                     ; 13.1                                    ; --            ; --          ; --             ;
; IP_TOOL_VERSION                     ; 13.1                                    ; --            ; --          ; --             ;
; IP_TOOL_VERSION                     ; 13.1                                    ; --            ; --          ; --             ;
; MISC_FILE                           ; lpm_counter0.bsf                        ; --            ; --          ; --             ;
; MISC_FILE                           ; lpm_counter0_bb.v                       ; --            ; --          ; --             ;
; MISC_FILE                           ; lpm_mux0.bsf                            ; --            ; --          ; --             ;
; MISC_FILE                           ; lpm_mux0_bb.v                           ; --            ; --          ; --             ;
; MISC_FILE                           ; lpm_decode0.bsf                         ; --            ; --          ; --             ;
; MISC_FILE                           ; lpm_decode0_bb.v                        ; --            ; --          ; --             ;
; PARTITION_COLOR                     ; 16764057                                ; --            ; --          ; Top            ;
; PARTITION_FITTER_PRESERVATION_LEVEL ; PLACEMENT_AND_ROUTING                   ; --            ; --          ; Top            ;
; PARTITION_NETLIST_TYPE              ; SOURCE                                  ; --            ; --          ; Top            ;
; PROJECT_OUTPUT_DIRECTORY            ; output_files                            ; --            ; --          ; --             ;
+-------------------------------------+-----------------------------------------+---------------+-------------+----------------+


+-------------------------------------------------------------------------------------------------------------------------------+
; Flow Elapsed Time                                                                                                             ;
+---------------------------+--------------+-------------------------+---------------------+------------------------------------+
; Module Name               ; Elapsed Time ; Average Processors Used ; Peak Virtual Memory ; Total CPU Time (on all processors) ;
+---------------------------+--------------+-------------------------+---------------------+------------------------------------+
; Analysis & Synthesis      ; 00:00:02     ; 1.0                     ; 4681 MB             ; 00:00:01                           ;
; Fitter                    ; 00:00:04     ; 1.0                     ; 5027 MB             ; 00:00:04                           ;
; Assembler                 ; 00:00:00     ; 1.0                     ; 4626 MB             ; 00:00:01                           ;
; TimeQuest Timing Analyzer ; 00:00:01     ; 1.0                     ; 4631 MB             ; 00:00:02                           ;
; EDA Netlist Writer        ; 00:00:00     ; 1.0                     ; 4577 MB             ; 00:00:00                           ;
; EDA Netlist Writer        ; 00:00:01     ; 1.0                     ; 4589 MB             ; 00:00:00                           ;
; EDA Netlist Writer        ; 00:00:01     ; 1.0                     ; 4589 MB             ; 00:00:00                           ;
; Total                     ; 00:00:09     ; --                      ; --                  ; 00:00:08                           ;
+---------------------------+--------------+-------------------------+---------------------+------------------------------------+


+----------------------------------------------------------------------------------------+
; Flow OS Summary                                                                        ;
+---------------------------+------------------+-----------+------------+----------------+
; Module Name               ; Machine Hostname ; OS Name   ; OS Version ; Processor type ;
+---------------------------+------------------+-----------+------------+----------------+
; Analysis & Synthesis      ; hpomen           ; Windows 7 ; 6.2        ; x86_64         ;
; Fitter                    ; hpomen           ; Windows 7 ; 6.2        ; x86_64         ;
; Assembler                 ; hpomen           ; Windows 7 ; 6.2        ; x86_64         ;
; TimeQuest Timing Analyzer ; hpomen           ; Windows 7 ; 6.2        ; x86_64         ;
; EDA Netlist Writer        ; hpomen           ; Windows 7 ; 6.2        ; x86_64         ;
; EDA Netlist Writer        ; hpomen           ; Windows 7 ; 6.2        ; x86_64         ;
; EDA Netlist Writer        ; hpomen           ; Windows 7 ; 6.2        ; x86_64         ;
+---------------------------+------------------+-----------+------------+----------------+


------------
; Flow Log ;
------------
quartus_map --read_settings_files=on --write_settings_files=off spi -c spi
quartus_fit --read_settings_files=off --write_settings_files=off spi -c spi
quartus_asm --read_settings_files=off --write_settings_files=off spi -c spi
quartus_sta spi -c spi
quartus_eda --read_settings_files=off --write_settings_files=off spi -c spi
quartus_eda --gen_testbench --check_outputs=on --tool=modelsim_oem --format=verilog spi -c spi --vector_source=C:/altera/projects/spi/Waveform.vwf --testbench_file=C:/altera/projects/spi/simulation/qsim/Waveform.vwf.vt
quartus_eda --functional=on --flatten_buses=off --simulation=on --tool=modelsim_oem --format=verilog --output_directory=C:/altera/projects/spi/simulation/qsim/ spi -c spi



